{"uuid":"13b0325f-e72a-49a8-9458-59937fdb0c53","historyId":"523711698fde5647070a112071e6fb99","fullName":"Login: Check box in table header","labels":[{"name":"tag","value":"h4"},{"name":"host","value":"DESKTOP-8CG10D5"},{"name":"thread","value":"67840@DESKTOP-8CG10D5.main(1)"},{"name":"feature","value":"Login"},{"name":"story","value":"Check box in table header"},{"name":"suite","value":"Login"},{"name":"testClass","value":"Check box in table header"},{"name":"framework","value":"cucumber4jvm"},{"name":"language","value":"java"},{"name":"gherkin_uri","value":"file:///C:/Users/santh/git/repository/lms/LMS_Phase2/./Features/UserPage.feature"},{"name":"package","value":"Features.UserPage_feature.Login"}],"links":[],"name":"Check box in table header","status":"broken","statusDetails":{"known":false,"muted":false,"flaky":false,"message":"element click intercepted: Element <div role=\"checkbox\" ng-reflect-ng-class=\"[object Object]\" class=\"p-checkbox-box\">...</div> is not clickable at point (145, 268). Other element would receive the click: <td _ngcontent-hxi-c149=\"\">...</td>\n  (Session info: chrome=105.0.5195.127)\nBuild info: version: '4.4.0', revision: 'e5c75ed026a'\nSystem info: host: 'DESKTOP-8CG10D5', ip: '192.168.254.143', os.name: 'Windows 11', os.arch: 'amd64', os.version: '10.0', java.version: '17.0.3'\nDriver info: org.openqa.selenium.chrome.ChromeDriver\nCommand: [baa9a29434eb9b0325d2f2b07af6e231, clickElement {id=04765495-b6bd-4f2b-ac44-5d83d7b6e5d3}]\nCapabilities {acceptInsecureCerts: false, browserName: chrome, browserVersion: 105.0.5195.127, chrome: {chromedriverVersion: 105.0.5195.52 (412c95e51883..., userDataDir: C:\\Users\\santh\\AppData\\Loca...}, goog:chromeOptions: {debuggerAddress: localhost:64634}, networkConnectionEnabled: false, pageLoadStrategy: normal, platformName: WINDOWS, proxy: Proxy(), se:cdp: ws://localhost:64634/devtoo..., se:cdpVersion: 105.0.5195.127, setWindowRect: true, strictFileInteractability: false, timeouts: {implicit: 0, pageLoad: 300000, script: 30000}, unhandledPromptBehavior: dismiss and notify, webauthn:extension:credBlob: true, webauthn:extension:largeBlob: true, webauthn:virtualAuthenticators: true}\nElement: [[ChromeDriver: chrome on WINDOWS (baa9a29434eb9b0325d2f2b07af6e231)] -> xpath: //p-tableheadercheckbox/div/div[2]]\nSession ID: baa9a29434eb9b0325d2f2b07af6e231","trace":"org.openqa.selenium.ElementClickInterceptedException: element click intercepted: Element <div role=\"checkbox\" ng-reflect-ng-class=\"[object Object]\" class=\"p-checkbox-box\">...</div> is not clickable at point (145, 268). Other element would receive the click: <td _ngcontent-hxi-c149=\"\">...</td>\n  (Session info: chrome=105.0.5195.127)\nBuild info: version: '4.4.0', revision: 'e5c75ed026a'\nSystem info: host: 'DESKTOP-8CG10D5', ip: '192.168.254.143', os.name: 'Windows 11', os.arch: 'amd64', os.version: '10.0', java.version: '17.0.3'\nDriver info: org.openqa.selenium.chrome.ChromeDriver\nCommand: [baa9a29434eb9b0325d2f2b07af6e231, clickElement {id=04765495-b6bd-4f2b-ac44-5d83d7b6e5d3}]\nCapabilities {acceptInsecureCerts: false, browserName: chrome, browserVersion: 105.0.5195.127, chrome: {chromedriverVersion: 105.0.5195.52 (412c95e51883..., userDataDir: C:\\Users\\santh\\AppData\\Loca...}, goog:chromeOptions: {debuggerAddress: localhost:64634}, networkConnectionEnabled: false, pageLoadStrategy: normal, platformName: WINDOWS, proxy: Proxy(), se:cdp: ws://localhost:64634/devtoo..., se:cdpVersion: 105.0.5195.127, setWindowRect: true, strictFileInteractability: false, timeouts: {implicit: 0, pageLoad: 300000, script: 30000}, unhandledPromptBehavior: dismiss and notify, webauthn:extension:credBlob: true, webauthn:extension:largeBlob: true, webauthn:virtualAuthenticators: true}\nElement: [[ChromeDriver: chrome on WINDOWS (baa9a29434eb9b0325d2f2b07af6e231)] -> xpath: //p-tableheadercheckbox/div/div[2]]\nSession ID: baa9a29434eb9b0325d2f2b07af6e231\r\n\tat java.base/jdk.internal.reflect.NativeConstructorAccessorImpl.newInstance0(Native Method)\r\n\tat java.base/jdk.internal.reflect.NativeConstructorAccessorImpl.newInstance(NativeConstructorAccessorImpl.java:77)\r\n\tat java.base/jdk.internal.reflect.DelegatingConstructorAccessorImpl.newInstance(DelegatingConstructorAccessorImpl.java:45)\r\n\tat java.base/java.lang.reflect.Constructor.newInstanceWithCaller(Constructor.java:499)\r\n\tat java.base/java.lang.reflect.Constructor.newInstance(Constructor.java:480)\r\n\tat org.openqa.selenium.remote.codec.w3c.W3CHttpResponseCodec.createException(W3CHttpResponseCodec.java:200)\r\n\tat org.openqa.selenium.remote.codec.w3c.W3CHttpResponseCodec.decode(W3CHttpResponseCodec.java:133)\r\n\tat org.openqa.selenium.remote.codec.w3c.W3CHttpResponseCodec.decode(W3CHttpResponseCodec.java:53)\r\n\tat org.openqa.selenium.remote.HttpCommandExecutor.execute(HttpCommandExecutor.java:184)\r\n\tat org.openqa.selenium.remote.service.DriverCommandExecutor.invokeExecute(DriverCommandExecutor.java:167)\r\n\tat org.openqa.selenium.remote.service.DriverCommandExecutor.execute(DriverCommandExecutor.java:142)\r\n\tat org.openqa.selenium.remote.RemoteWebDriver.execute(RemoteWebDriver.java:547)\r\n\tat org.openqa.selenium.remote.RemoteWebElement.execute(RemoteWebElement.java:257)\r\n\tat org.openqa.selenium.remote.RemoteWebElement.click(RemoteWebElement.java:78)\r\n\tat jdk.internal.reflect.GeneratedMethodAccessor80.invoke(Unknown Source)\r\n\tat java.base/jdk.internal.reflect.DelegatingMethodAccessorImpl.invoke(DelegatingMethodAccessorImpl.java:43)\r\n\tat java.base/java.lang.reflect.Method.invoke(Method.java:568)\r\n\tat org.openqa.selenium.support.pagefactory.internal.LocatingElementHandler.invoke(LocatingElementHandler.java:52)\r\n\tat jdk.proxy2/jdk.proxy2.$Proxy21.click(Unknown Source)\r\n\tat pageObjects.UserPage.clickcheckbox(UserPage.java:173)\r\n\tat stepDefinitions.StepsUser.user_unchecks_checkbox_in_header(StepsUser.java:475)\r\n\tat ✽.User unchecks checkbox in header(file:///C:/Users/santh/git/repository/lms/LMS_Phase2/./Features/UserPage.feature:388)\r\n"},"stage":"finished","steps":[{"name":"Given  User launch Chrome Browser","status":"passed","statusDetails":{"known":false,"muted":false,"flaky":false},"stage":"finished","steps":[],"attachments":[],"parameters":[],"start":1664313388911,"stop":1664313391031},{"name":"When  User opens URL \"https://lms-frontend-phase2.herokuapp.com/login\"","status":"passed","statusDetails":{"known":false,"muted":false,"flaky":false},"stage":"finished","steps":[],"attachments":[],"parameters":[],"start":1664313391031,"stop":1664313392512},{"name":"And  User enters username as \"LMS\" and password as \"LMS\"","status":"passed","statusDetails":{"known":false,"muted":false,"flaky":false},"stage":"finished","steps":[],"attachments":[],"parameters":[],"start":1664313392512,"stop":1664313393173},{"name":"And  click on login","status":"passed","statusDetails":{"known":false,"muted":false,"flaky":false},"stage":"finished","steps":[],"attachments":[],"parameters":[],"start":1664313393174,"stop":1664313393547},{"name":"Then  Page Title should be \"LMS\"","status":"passed","statusDetails":{"known":false,"muted":false,"flaky":false},"stage":"finished","steps":[],"attachments":[],"parameters":[],"start":1664313393548,"stop":1664313395647},{"name":"Given  User table is displayed in manage user page","status":"passed","statusDetails":{"known":false,"muted":false,"flaky":false},"stage":"finished","steps":[],"attachments":[],"parameters":[],"start":1664313395648,"stop":1664313395736},{"name":"When  User unchecks checkbox in header","status":"broken","statusDetails":{"known":false,"muted":false,"flaky":false,"message":"element click intercepted: Element <div role=\"checkbox\" ng-reflect-ng-class=\"[object Object]\" class=\"p-checkbox-box\">...</div> is not clickable at point (145, 268). Other element would receive the click: <td _ngcontent-hxi-c149=\"\">...</td>\n  (Session info: chrome=105.0.5195.127)\nBuild info: version: '4.4.0', revision: 'e5c75ed026a'\nSystem info: host: 'DESKTOP-8CG10D5', ip: '192.168.254.143', os.name: 'Windows 11', os.arch: 'amd64', os.version: '10.0', java.version: '17.0.3'\nDriver info: org.openqa.selenium.chrome.ChromeDriver\nCommand: [baa9a29434eb9b0325d2f2b07af6e231, clickElement {id=04765495-b6bd-4f2b-ac44-5d83d7b6e5d3}]\nCapabilities {acceptInsecureCerts: false, browserName: chrome, browserVersion: 105.0.5195.127, chrome: {chromedriverVersion: 105.0.5195.52 (412c95e51883..., userDataDir: C:\\Users\\santh\\AppData\\Loca...}, goog:chromeOptions: {debuggerAddress: localhost:64634}, networkConnectionEnabled: false, pageLoadStrategy: normal, platformName: WINDOWS, proxy: Proxy(), se:cdp: ws://localhost:64634/devtoo..., se:cdpVersion: 105.0.5195.127, setWindowRect: true, strictFileInteractability: false, timeouts: {implicit: 0, pageLoad: 300000, script: 30000}, unhandledPromptBehavior: dismiss and notify, webauthn:extension:credBlob: true, webauthn:extension:largeBlob: true, webauthn:virtualAuthenticators: true}\nElement: [[ChromeDriver: chrome on WINDOWS (baa9a29434eb9b0325d2f2b07af6e231)] -> xpath: //p-tableheadercheckbox/div/div[2]]\nSession ID: baa9a29434eb9b0325d2f2b07af6e231","trace":"org.openqa.selenium.ElementClickInterceptedException: element click intercepted: Element <div role=\"checkbox\" ng-reflect-ng-class=\"[object Object]\" class=\"p-checkbox-box\">...</div> is not clickable at point (145, 268). Other element would receive the click: <td _ngcontent-hxi-c149=\"\">...</td>\n  (Session info: chrome=105.0.5195.127)\nBuild info: version: '4.4.0', revision: 'e5c75ed026a'\nSystem info: host: 'DESKTOP-8CG10D5', ip: '192.168.254.143', os.name: 'Windows 11', os.arch: 'amd64', os.version: '10.0', java.version: '17.0.3'\nDriver info: org.openqa.selenium.chrome.ChromeDriver\nCommand: [baa9a29434eb9b0325d2f2b07af6e231, clickElement {id=04765495-b6bd-4f2b-ac44-5d83d7b6e5d3}]\nCapabilities {acceptInsecureCerts: false, browserName: chrome, browserVersion: 105.0.5195.127, chrome: {chromedriverVersion: 105.0.5195.52 (412c95e51883..., userDataDir: C:\\Users\\santh\\AppData\\Loca...}, goog:chromeOptions: {debuggerAddress: localhost:64634}, networkConnectionEnabled: false, pageLoadStrategy: normal, platformName: WINDOWS, proxy: Proxy(), se:cdp: ws://localhost:64634/devtoo..., se:cdpVersion: 105.0.5195.127, setWindowRect: true, strictFileInteractability: false, timeouts: {implicit: 0, pageLoad: 300000, script: 30000}, unhandledPromptBehavior: dismiss and notify, webauthn:extension:credBlob: true, webauthn:extension:largeBlob: true, webauthn:virtualAuthenticators: true}\nElement: [[ChromeDriver: chrome on WINDOWS (baa9a29434eb9b0325d2f2b07af6e231)] -> xpath: //p-tableheadercheckbox/div/div[2]]\nSession ID: baa9a29434eb9b0325d2f2b07af6e231\r\n\tat java.base/jdk.internal.reflect.NativeConstructorAccessorImpl.newInstance0(Native Method)\r\n\tat java.base/jdk.internal.reflect.NativeConstructorAccessorImpl.newInstance(NativeConstructorAccessorImpl.java:77)\r\n\tat java.base/jdk.internal.reflect.DelegatingConstructorAccessorImpl.newInstance(DelegatingConstructorAccessorImpl.java:45)\r\n\tat java.base/java.lang.reflect.Constructor.newInstanceWithCaller(Constructor.java:499)\r\n\tat java.base/java.lang.reflect.Constructor.newInstance(Constructor.java:480)\r\n\tat org.openqa.selenium.remote.codec.w3c.W3CHttpResponseCodec.createException(W3CHttpResponseCodec.java:200)\r\n\tat org.openqa.selenium.remote.codec.w3c.W3CHttpResponseCodec.decode(W3CHttpResponseCodec.java:133)\r\n\tat org.openqa.selenium.remote.codec.w3c.W3CHttpResponseCodec.decode(W3CHttpResponseCodec.java:53)\r\n\tat org.openqa.selenium.remote.HttpCommandExecutor.execute(HttpCommandExecutor.java:184)\r\n\tat org.openqa.selenium.remote.service.DriverCommandExecutor.invokeExecute(DriverCommandExecutor.java:167)\r\n\tat org.openqa.selenium.remote.service.DriverCommandExecutor.execute(DriverCommandExecutor.java:142)\r\n\tat org.openqa.selenium.remote.RemoteWebDriver.execute(RemoteWebDriver.java:547)\r\n\tat org.openqa.selenium.remote.RemoteWebElement.execute(RemoteWebElement.java:257)\r\n\tat org.openqa.selenium.remote.RemoteWebElement.click(RemoteWebElement.java:78)\r\n\tat jdk.internal.reflect.GeneratedMethodAccessor80.invoke(Unknown Source)\r\n\tat java.base/jdk.internal.reflect.DelegatingMethodAccessorImpl.invoke(DelegatingMethodAccessorImpl.java:43)\r\n\tat java.base/java.lang.reflect.Method.invoke(Method.java:568)\r\n\tat org.openqa.selenium.support.pagefactory.internal.LocatingElementHandler.invoke(LocatingElementHandler.java:52)\r\n\tat jdk.proxy2/jdk.proxy2.$Proxy21.click(Unknown Source)\r\n\tat pageObjects.UserPage.clickcheckbox(UserPage.java:173)\r\n\tat stepDefinitions.StepsUser.user_unchecks_checkbox_in_header(StepsUser.java:475)\r\n\tat ✽.User unchecks checkbox in header(file:///C:/Users/santh/git/repository/lms/LMS_Phase2/./Features/UserPage.feature:388)\r\n"},"stage":"finished","steps":[],"attachments":[],"parameters":[],"start":1664313395736,"stop":1664313396833},{"name":"Then  Check box in all the rows of user table should be unchecked","status":"skipped","statusDetails":{"known":false,"muted":false,"flaky":false},"stage":"finished","steps":[],"attachments":[],"parameters":[],"start":1664313396834,"stop":1664313396834},{"name":"And  close Browser","status":"skipped","statusDetails":{"known":false,"muted":false,"flaky":false},"stage":"finished","steps":[],"attachments":[],"parameters":[],"start":1664313396834,"stop":1664313396834}],"attachments":[],"parameters":[],"start":1664313388911,"stop":1664313396837}